Build started 22-12-2017 16:18:45.
     1>Project "C:\Dev (No Sync)\Visual Studio\LZEngine2010\DemoGame\DemoGame.vcxproj" on node 2 (build target(s)).
     1>InitializeBuildStatus:
         Touching "Debug\DemoGame.unsuccessfulbuild".
       ClCompile:
         All outputs are up-to-date.
         C:\Program Files (x86)\Microsoft Visual Studio 10.0\VC\bin\CL.exe /c /I"C:\Dev (No Sync)\Visual Studio\LZEngine2010\DemoGame" /I"C:\Dev (No Sync)\Visual Studio\LZEngine2010\LZEngine2010" /I"C:\Dev (No Sync)\Visual Studio\LZEngine2010\Middleware\Qt\include" /I"C:\Dev (No Sync)\Visual Studio\LZEngine2010\Middleware\glew\include" /ZI /nologo /W3 /WX- /Od /Oy- /D _MBCS /Gm /EHsc /RTC1 /MDd /GS /fp:precise /Zc:wchar_t /Zc:forScope /Fo"Debug\\" /Fd"Debug\vc100.pdb" /Gd /TP /analyze- /errorReport:prompt Components\ControllerComponent.cpp GameFiles\MyGame.cpp GameFiles\MyGame_moc.cpp Input\NewKeyMapper.cpp Program.cpp
         Program.cpp
         NewKeyMapper.cpp
         MyGame_moc.cpp
         MyGame.cpp
     1>c:\dev (no sync)\visual studio\lzengine2010\demogame\gamefiles\mygame.cpp(63): warning C4482: nonstandard extension used: enum 'LZSoft::Input::InputActions' used in qualified name
         ControllerComponent.cpp
         Generating Code...
       Link:
         C:\Program Files (x86)\Microsoft Visual Studio 10.0\VC\bin\link.exe /ERRORREPORT:PROMPT /OUT:"C:\Dev (No Sync)\Visual Studio\LZEngine2010\Debug\DemoGame.exe" /NOLOGO /LIBPATH:"C:\Dev (No Sync)\Visual Studio\LZEngine2010\Middleware\glew\lib" /LIBPATH:"C:\Dev (No Sync)\Visual Studio\LZEngine2010\Middleware\Qt\lib" opengl32.lib glew32d.lib QtOpenGLd4.lib QtGuid4.lib QtCored4.lib kernel32.lib user32.lib gdi32.lib winspool.lib comdlg32.lib advapi32.lib shell32.lib ole32.lib oleaut32.lib uuid.lib odbc32.lib odbccp32.lib /MANIFEST /ManifestFile:"Debug\DemoGame.exe.intermediate.manifest" /MANIFESTUAC:"level='asInvoker' uiAccess='false'" /DEBUG /PDB:"C:\Dev (No Sync)\Visual Studio\LZEngine2010\Debug\DemoGame.pdb" /TLBID:1 /DYNAMICBASE /NXCOMPAT /IMPLIB:"C:\Dev (No Sync)\Visual Studio\LZEngine2010\Debug\DemoGame.lib" /MACHINE:X86 Debug\ControllerComponent.obj
         Debug\MyGame.obj
         Debug\MyGame_moc.obj
         Debug\NewKeyMapper.obj
         Debug\Program.obj
            Creating library C:\Dev (No Sync)\Visual Studio\LZEngine2010\Debug\DemoGame.lib and object C:\Dev (No Sync)\Visual Studio\LZEngine2010\Debug\DemoGame.exp
     1>ControllerComponent.obj : error LNK2001: unresolved external symbol "public: virtual void __thiscall LZSoft::ComponentSystem::PhysicsComponent::update(void)" (?update@PhysicsComponent@ComponentSystem@LZSoft@@UAEXXZ)
     1>MyGame.obj : error LNK2001: unresolved external symbol "public: virtual void __thiscall LZSoft::ComponentSystem::PhysicsComponent::update(void)" (?update@PhysicsComponent@ComponentSystem@LZSoft@@UAEXXZ)
     1>MyGame_moc.obj : error LNK2001: unresolved external symbol "public: virtual void __thiscall LZSoft::ComponentSystem::PhysicsComponent::update(void)" (?update@PhysicsComponent@ComponentSystem@LZSoft@@UAEXXZ)
     1>Program.obj : error LNK2001: unresolved external symbol "public: virtual void __thiscall LZSoft::ComponentSystem::PhysicsComponent::update(void)" (?update@PhysicsComponent@ComponentSystem@LZSoft@@UAEXXZ)
     1>ControllerComponent.obj : error LNK2019: unresolved external symbol "public: bool __thiscall LZSoft::Input::KeyInput::keyDown(int)const " (?keyDown@KeyInput@Input@LZSoft@@QBE_NH@Z) referenced in function "public: virtual void __thiscall LZSoft::ComponentSystem::ControllerComponent::update(void)" (?update@ControllerComponent@ComponentSystem@LZSoft@@UAEXXZ)
     1>ControllerComponent.obj : error LNK2019: unresolved external symbol "public: static class LZSoft::Input::KeyInput & __cdecl LZSoft::Input::KeyInput::getInstance(void)" (?getInstance@KeyInput@Input@LZSoft@@SAAAV123@XZ) referenced in function "public: virtual void __thiscall LZSoft::ComponentSystem::ControllerComponent::update(void)" (?update@ControllerComponent@ComponentSystem@LZSoft@@UAEXXZ)
     1>MyGame.obj : error LNK2001: unresolved external symbol "public: static class LZSoft::Input::KeyInput & __cdecl LZSoft::Input::KeyInput::getInstance(void)" (?getInstance@KeyInput@Input@LZSoft@@SAAAV123@XZ)
     1>MyGame.obj : error LNK2001: unresolved external symbol "public: virtual void __thiscall LZSoft::ComponentSystem::RendererComponent::update(void)" (?update@RendererComponent@ComponentSystem@LZSoft@@UAEXXZ)
     1>MyGame_moc.obj : error LNK2001: unresolved external symbol "public: virtual void __thiscall LZSoft::ComponentSystem::RendererComponent::update(void)" (?update@RendererComponent@ComponentSystem@LZSoft@@UAEXXZ)
     1>Program.obj : error LNK2001: unresolved external symbol "public: virtual void __thiscall LZSoft::ComponentSystem::RendererComponent::update(void)" (?update@RendererComponent@ComponentSystem@LZSoft@@UAEXXZ)
     1>MyGame.obj : error LNK2001: unresolved external symbol "protected: virtual void __thiscall LZSoft::Rendering::Renderer::initializeGL(void)" (?initializeGL@Renderer@Rendering@LZSoft@@MAEXXZ)
     1>MyGame_moc.obj : error LNK2001: unresolved external symbol "protected: virtual void __thiscall LZSoft::Rendering::Renderer::initializeGL(void)" (?initializeGL@Renderer@Rendering@LZSoft@@MAEXXZ)
     1>Program.obj : error LNK2001: unresolved external symbol "protected: virtual void __thiscall LZSoft::Rendering::Renderer::initializeGL(void)" (?initializeGL@Renderer@Rendering@LZSoft@@MAEXXZ)
     1>MyGame.obj : error LNK2001: unresolved external symbol "protected: virtual void __thiscall LZSoft::Rendering::Renderer::paintGL(void)" (?paintGL@Renderer@Rendering@LZSoft@@MAEXXZ)
     1>MyGame_moc.obj : error LNK2001: unresolved external symbol "protected: virtual void __thiscall LZSoft::Rendering::Renderer::paintGL(void)" (?paintGL@Renderer@Rendering@LZSoft@@MAEXXZ)
     1>Program.obj : error LNK2001: unresolved external symbol "protected: virtual void __thiscall LZSoft::Rendering::Renderer::paintGL(void)" (?paintGL@Renderer@Rendering@LZSoft@@MAEXXZ)
     1>MyGame.obj : error LNK2001: unresolved external symbol "public: virtual void __thiscall LZSoft::ComponentSystem::ColiderComponent::update(void)" (?update@ColiderComponent@ComponentSystem@LZSoft@@UAEXXZ)
     1>MyGame_moc.obj : error LNK2001: unresolved external symbol "public: virtual void __thiscall LZSoft::ComponentSystem::ColiderComponent::update(void)" (?update@ColiderComponent@ComponentSystem@LZSoft@@UAEXXZ)
     1>Program.obj : error LNK2001: unresolved external symbol "public: virtual void __thiscall LZSoft::ComponentSystem::ColiderComponent::update(void)" (?update@ColiderComponent@ComponentSystem@LZSoft@@UAEXXZ)
     1>MyGame.obj : error LNK2001: unresolved external symbol "public: virtual bool __thiscall LZSoft::ComponentSystem::ColiderComponent::initialize(void)" (?initialize@ColiderComponent@ComponentSystem@LZSoft@@UAE_NXZ)
     1>MyGame_moc.obj : error LNK2001: unresolved external symbol "public: virtual bool __thiscall LZSoft::ComponentSystem::ColiderComponent::initialize(void)" (?initialize@ColiderComponent@ComponentSystem@LZSoft@@UAE_NXZ)
     1>Program.obj : error LNK2001: unresolved external symbol "public: virtual bool __thiscall LZSoft::ComponentSystem::ColiderComponent::initialize(void)" (?initialize@ColiderComponent@ComponentSystem@LZSoft@@UAE_NXZ)
     1>MyGame.obj : error LNK2019: unresolved external symbol "public: bool __thiscall LZSoft::ComponentSystem::GameObject::initialize(void)" (?initialize@GameObject@ComponentSystem@LZSoft@@QAE_NXZ) referenced in function "private: bool __thiscall LZSoft::MyGame::initializePlayer(void)" (?initializePlayer@MyGame@LZSoft@@AAE_NXZ)
     1>MyGame.obj : error LNK2019: unresolved external symbol "public: void __thiscall LZSoft::ComponentSystem::RendererComponent::setData(class LZSoft::Rendering::Renderable *)" (?setData@RendererComponent@ComponentSystem@LZSoft@@QAEXPAVRenderable@Rendering@3@@Z) referenced in function "private: bool __thiscall LZSoft::MyGame::initializePlayer(void)" (?initializePlayer@MyGame@LZSoft@@AAE_NXZ)
     1>MyGame.obj : error LNK2019: unresolved external symbol "public: class LZSoft::Rendering::Renderable * __thiscall LZSoft::Rendering::Renderer::addRenderable(class LZSoft::Rendering::Geometry *)" (?addRenderable@Renderer@Rendering@LZSoft@@QAEPAVRenderable@23@PAVGeometry@23@@Z) referenced in function "private: bool __thiscall LZSoft::MyGame::initializePlayer(void)" (?initializePlayer@MyGame@LZSoft@@AAE_NXZ)
     1>MyGame.obj : error LNK2019: unresolved external symbol "public: class LZSoft::Rendering::Geometry * __thiscall LZSoft::Rendering::Renderer::addGeometry(struct LZSoft::Math::Vector3D *,int,unsigned short const *,unsigned int,unsigned int)" (?addGeometry@Renderer@Rendering@LZSoft@@QAEPAVGeometry@23@PAUVector3D@Math@3@HPBGII@Z) referenced in function "private: bool __thiscall LZSoft::MyGame::initializePlayer(void)" (?initializePlayer@MyGame@LZSoft@@AAE_NXZ)
     1>MyGame.obj : error LNK2019: unresolved external symbol "public: void __thiscall LZSoft::ComponentSystem::ColiderComponent::setData(struct LZSoft::Math::Vector3D *,int)" (?setData@ColiderComponent@ComponentSystem@LZSoft@@QAEXPAUVector3D@Math@3@H@Z) referenced in function "private: bool __thiscall LZSoft::MyGame::initializePlayer(void)" (?initializePlayer@MyGame@LZSoft@@AAE_NXZ)
     1>MyGame.obj : error LNK2019: unresolved external symbol "public: void __thiscall LZSoft::ComponentSystem::GameObject::addComponent(class LZSoft::ComponentSystem::Component *)" (?addComponent@GameObject@ComponentSystem@LZSoft@@QAEXPAVComponent@23@@Z) referenced in function "private: bool __thiscall LZSoft::MyGame::initializePlayer(void)" (?initializePlayer@MyGame@LZSoft@@AAE_NXZ)
     1>MyGame.obj : error LNK2019: unresolved external symbol "public: bool __thiscall LZSoft::Input::KeyInput::initialize(class LZSoft::Input::IKeyMapper *,int)" (?initialize@KeyInput@Input@LZSoft@@QAE_NPAVIKeyMapper@23@H@Z) referenced in function "public: bool __thiscall LZSoft::MyGame::initialize(void)" (?initialize@MyGame@LZSoft@@QAE_NXZ)
     1>MyGame.obj : error LNK2019: unresolved external symbol "public: bool __thiscall LZSoft::Rendering::Renderer::initialize(void)" (?initialize@Renderer@Rendering@LZSoft@@QAE_NXZ) referenced in function "public: bool __thiscall LZSoft::MyGame::initialize(void)" (?initialize@MyGame@LZSoft@@QAE_NXZ)
     1>MyGame.obj : error LNK2019: unresolved external symbol "public: bool __thiscall LZSoft::Rendering::Renderer::shutdown(void)" (?shutdown@Renderer@Rendering@LZSoft@@QAE_NXZ) referenced in function "public: bool __thiscall LZSoft::MyGame::shutdown(void)" (?shutdown@MyGame@LZSoft@@QAE_NXZ)
     1>MyGame.obj : error LNK2019: unresolved external symbol "public: bool __thiscall LZSoft::Input::KeyInput::shutdown(void)" (?shutdown@KeyInput@Input@LZSoft@@QAE_NXZ) referenced in function "public: bool __thiscall LZSoft::MyGame::shutdown(void)" (?shutdown@MyGame@LZSoft@@QAE_NXZ)
     1>MyGame.obj : error LNK2019: unresolved external symbol "public: bool __thiscall LZSoft::ComponentSystem::GameObject::shutdown(void)" (?shutdown@GameObject@ComponentSystem@LZSoft@@QAE_NXZ) referenced in function "public: bool __thiscall LZSoft::MyGame::shutdown(void)" (?shutdown@MyGame@LZSoft@@QAE_NXZ)
     1>MyGame.obj : error LNK2019: unresolved external symbol "public: void __thiscall LZSoft::Rendering::Renderer::renderBuffers(void)" (?renderBuffers@Renderer@Rendering@LZSoft@@QAEXXZ) referenced in function "private: void __thiscall LZSoft::MyGame::update(void)" (?update@MyGame@LZSoft@@AAEXXZ)
     1>MyGame.obj : error LNK2019: unresolved external symbol "public: void __thiscall LZSoft::ComponentSystem::GameObject::update(void)" (?update@GameObject@ComponentSystem@LZSoft@@QAEXXZ) referenced in function "private: void __thiscall LZSoft::MyGame::update(void)" (?update@MyGame@LZSoft@@AAEXXZ)
     1>MyGame.obj : error LNK2019: unresolved external symbol "public: void __thiscall LZSoft::Input::KeyInput::update(void)" (?update@KeyInput@Input@LZSoft@@QAEXXZ) referenced in function "private: void __thiscall LZSoft::MyGame::update(void)" (?update@MyGame@LZSoft@@AAEXXZ)
     1>MyGame.obj : error LNK2019: unresolved external symbol "public: void __thiscall LZSoft::Timing::GameTime::update(void)" (?update@GameTime@Timing@LZSoft@@QAEXXZ) referenced in function "private: void __thiscall LZSoft::MyGame::update(void)" (?update@MyGame@LZSoft@@AAEXXZ)
     1>MyGame.obj : error LNK2019: unresolved external symbol "public: static class LZSoft::Timing::GameTime & __cdecl LZSoft::Timing::GameTime::getInstance(void)" (?getInstance@GameTime@Timing@LZSoft@@SAAAV123@XZ) referenced in function "private: void __thiscall LZSoft::MyGame::update(void)" (?update@MyGame@LZSoft@@AAEXXZ)
     1>Program.obj : error LNK2019: unresolved external symbol "public: __thiscall LZSoft::ComponentSystem::ColiderComponent::ColiderComponent(void)" (??0ColiderComponent@ComponentSystem@LZSoft@@QAE@XZ) referenced in function "public: __thiscall LZSoft::MyGame::MyGame(void)" (??0MyGame@LZSoft@@QAE@XZ)
     1>Program.obj : error LNK2019: unresolved external symbol "public: __thiscall LZSoft::ComponentSystem::GameObject::GameObject(void)" (??0GameObject@ComponentSystem@LZSoft@@QAE@XZ) referenced in function "public: __thiscall LZSoft::MyGame::MyGame(void)" (??0MyGame@LZSoft@@QAE@XZ)
     1>C:\Dev (No Sync)\Visual Studio\LZEngine2010\Debug\DemoGame.exe : fatal error LNK1120: 26 unresolved externals
     1>Done Building Project "C:\Dev (No Sync)\Visual Studio\LZEngine2010\DemoGame\DemoGame.vcxproj" (build target(s)) -- FAILED.

Build FAILED.

Time Elapsed 00:00:04.01
