C:\DEV (NO SYNC)\VISUAL STUDIO\LZENGINE\BUILD\DEBUG\LZENGINE2010.DLL
C:\Dev (No Sync)\Visual Studio\LZEngine\Build\Debug\LZEngine2010.exp
C:\DEV (NO SYNC)\VISUAL STUDIO\LZENGINE\BUILD\DEBUG\LZENGINE2010.ILK
C:\Dev (No Sync)\Visual Studio\LZEngine\Build\Debug\LZEngine2010.lib
C:\DEV (NO SYNC)\VISUAL STUDIO\LZENGINE\BUILD\DEBUG\LZENGINE2010.PDB
C:\Dev (No Sync)\Visual Studio\LZEngine\LZEngine2010\Debug\Tmp\cl.command.1.tlog
C:\Dev (No Sync)\Visual Studio\LZEngine\LZEngine2010\Debug\Tmp\CL.read.1.tlog
C:\Dev (No Sync)\Visual Studio\LZEngine\LZEngine2010\Debug\Tmp\CL.write.1.tlog
C:\DEV (NO SYNC)\VISUAL STUDIO\LZENGINE\LZENGINE2010\DEBUG\TMP\COLIDERCOMPONENT.OBJ
C:\DEV (NO SYNC)\VISUAL STUDIO\LZENGINE\LZENGINE2010\DEBUG\TMP\COMPONENT.OBJ
C:\DEV (NO SYNC)\VISUAL STUDIO\LZENGINE\LZENGINE2010\DEBUG\TMP\FRAMETIMER.OBJ
C:\DEV (NO SYNC)\VISUAL STUDIO\LZENGINE\LZENGINE2010\DEBUG\TMP\GAMEOBJECT.OBJ
C:\DEV (NO SYNC)\VISUAL STUDIO\LZENGINE\LZENGINE2010\DEBUG\TMP\GAMETIME.OBJ
C:\DEV (NO SYNC)\VISUAL STUDIO\LZENGINE\LZENGINE2010\DEBUG\TMP\GEOMETRY.OBJ
C:\DEV (NO SYNC)\VISUAL STUDIO\LZENGINE\LZENGINE2010\DEBUG\TMP\KEYINPUT.OBJ
C:\Dev (No Sync)\Visual Studio\LZEngine\LZEngine2010\Debug\Tmp\link.command.1.tlog
C:\Dev (No Sync)\Visual Studio\LZEngine\LZEngine2010\Debug\Tmp\link.read.1.tlog
C:\Dev (No Sync)\Visual Studio\LZEngine\LZEngine2010\Debug\Tmp\link.write.1.tlog
C:\DEV (NO SYNC)\VISUAL STUDIO\LZENGINE\LZENGINE2010\DEBUG\TMP\LZENGINE.OBJ
C:\DEV (NO SYNC)\VISUAL STUDIO\LZENGINE\LZENGINE2010\DEBUG\TMP\LZENGINE2010.DLL.INTERMEDIATE.MANIFEST
C:\Dev (No Sync)\Visual Studio\LZEngine\LZEngine2010\Debug\Tmp\LZEngine2010.vcxprojResolveAssemblyReference.cache
C:\Dev (No Sync)\Visual Studio\LZEngine\LZEngine2010\Debug\Tmp\LZEngine2010.write.1.tlog
C:\Dev (No Sync)\Visual Studio\LZEngine\LZEngine2010\Debug\Tmp\mt.command.1.tlog
C:\Dev (No Sync)\Visual Studio\LZEngine\LZEngine2010\Debug\Tmp\mt.read.1.tlog
C:\Dev (No Sync)\Visual Studio\LZEngine\LZEngine2010\Debug\Tmp\mt.write.1.tlog
C:\DEV (NO SYNC)\VISUAL STUDIO\LZENGINE\LZENGINE2010\DEBUG\TMP\NODE.OBJ
C:\DEV (NO SYNC)\VISUAL STUDIO\LZENGINE\LZENGINE2010\DEBUG\TMP\PHYSICSCOMPONENT.OBJ
C:\DEV (NO SYNC)\VISUAL STUDIO\LZENGINE\LZENGINE2010\DEBUG\TMP\PROFILE.OBJ
C:\DEV (NO SYNC)\VISUAL STUDIO\LZENGINE\LZENGINE2010\DEBUG\TMP\PROFILER.OBJ
C:\DEV (NO SYNC)\VISUAL STUDIO\LZENGINE\LZENGINE2010\DEBUG\TMP\PROMATH.OBJ
C:\DEV (NO SYNC)\VISUAL STUDIO\LZENGINE\LZENGINE2010\DEBUG\TMP\RENDERABLE.OBJ
C:\DEV (NO SYNC)\VISUAL STUDIO\LZENGINE\LZENGINE2010\DEBUG\TMP\RENDERER.OBJ
C:\DEV (NO SYNC)\VISUAL STUDIO\LZENGINE\LZENGINE2010\DEBUG\TMP\RENDERERCOMPONENT.OBJ
C:\DEV (NO SYNC)\VISUAL STUDIO\LZENGINE\LZENGINE2010\DEBUG\TMP\SPLITTIMER.OBJ
C:\Dev (No Sync)\Visual Studio\LZEngine\LZEngine2010\Debug\Tmp\vc100.idb
C:\DEV (NO SYNC)\VISUAL STUDIO\LZENGINE\LZENGINE2010\DEBUG\TMP\VC100.PDB
C:\DEV (NO SYNC)\VISUAL STUDIO\LZENGINE\LZENGINE2010\DEBUG\TMP\VECTOR2D.OBJ
C:\DEV (NO SYNC)\VISUAL STUDIO\LZENGINE\LZENGINE2010\DEBUG\TMP\VECTOR3D.OBJ
