c:\repos\visual studio\lzengine\sandbox\debug\tmp\vc141.pdb
c:\repos\visual studio\lzengine\sandbox\debug\tmp\vc141.idb
c:\repos\visual studio\lzengine\sandbox\debug\tmp\controllercomponent.obj
c:\repos\visual studio\lzengine\sandbox\debug\tmp\mygame.obj
c:\repos\visual studio\lzengine\sandbox\debug\tmp\mygame_moc.obj
c:\repos\visual studio\lzengine\sandbox\debug\tmp\newkeymapper.obj
c:\repos\visual studio\lzengine\sandbox\debug\tmp\sandbox.obj
c:\repos\visual studio\lzengine - copy (2)\sandbox\debug\tmp\vc141.pdb
c:\repos\visual studio\lzengine - copy (2)\sandbox\debug\tmp\vc141.idb
c:\repos\visual studio\lzengine - copy (2)\sandbox\debug\tmp\controllercomponent.obj
c:\repos\visual studio\lzengine - copy (2)\sandbox\debug\tmp\mygame.obj
c:\repos\visual studio\lzengine - copy (2)\sandbox\debug\tmp\mygame_moc.obj
c:\repos\visual studio\lzengine - copy (2)\sandbox\debug\tmp\newkeymapper.obj
c:\repos\visual studio\lzengine - copy (2)\sandbox\debug\tmp\sandbox.obj
c:\repos\visual studio\lzengine\build\sandbox.exe
c:\repos\visual studio\lzengine\build\sandbox.ilk
c:\repos\visual studio\lzengine\build\sandbox.pdb
c:\repos\visual studio\lzengine - copy (2)\build\sandbox.exe
c:\repos\visual studio\lzengine - copy (2)\build\sandbox.ilk
c:\repos\visual studio\lzengine - copy (2)\build\sandbox.pdb
c:\repos\visual studio\lzengine\build\sandbox.lib
c:\repos\visual studio\lzengine\build\sandbox.exp
c:\repos\visual studio\lzengine - copy (2)\build\sandbox.lib
c:\repos\visual studio\lzengine - copy (2)\build\sandbox.exp
c:\repos\visual studio\lzengine - copy (2)\sandbox\debug\tmp\sandbox.tlog\cl.command.1.tlog
c:\repos\visual studio\lzengine - copy (2)\sandbox\debug\tmp\sandbox.tlog\cl.read.1.tlog
c:\repos\visual studio\lzengine - copy (2)\sandbox\debug\tmp\sandbox.tlog\cl.write.1.tlog
c:\repos\visual studio\lzengine - copy (2)\sandbox\debug\tmp\sandbox.tlog\link.7312.delete.1.tlog
c:\repos\visual studio\lzengine - copy (2)\sandbox\debug\tmp\sandbox.tlog\link.7872.delete.1.tlog
c:\repos\visual studio\lzengine - copy (2)\sandbox\debug\tmp\sandbox.tlog\link.command.1.tlog
c:\repos\visual studio\lzengine - copy (2)\sandbox\debug\tmp\sandbox.tlog\link.delete.1.tlog
c:\repos\visual studio\lzengine - copy (2)\sandbox\debug\tmp\sandbox.tlog\link.read.1.tlog
c:\repos\visual studio\lzengine - copy (2)\sandbox\debug\tmp\sandbox.tlog\link.write.1.tlog
c:\repos\visual studio\lzengine - copy (2)\sandbox\debug\tmp\sandbox.tlog\sandbox.write.1u.tlog
