Build started 22-12-2017 15:48:49.
     1>Project "C:\Dev (No Sync)\Visual Studio\LZEngine2010\LZEngine2010\LZEngine2010.vcxproj" on node 2 (build target(s)).
     1>InitializeBuildStatus:
         Touching "Debug\LZEngine2010.unsuccessfulbuild".
       ClCompile:
         C:\Program Files (x86)\Microsoft Visual Studio 10.0\VC\bin\CL.exe /c /I"C:\Dev (No Sync)\Visual Studio\LZEngine2010\Middleware/glew/include" /I"C:\Dev (No Sync)\Visual Studio\LZEngine2010\Middleware/Qt/include" /ZI /nologo /W3 /WX- /Od /Oy- /D _MBCS /Gm /EHsc /RTC1 /MDd /GS /fp:precise /Zc:wchar_t /Zc:forScope /Fo"Debug\\" /Fd"Debug\vc100.pdb" /Gd /TP /analyze- /errorReport:prompt ComponentSystem\Component.cpp ComponentSystem\Components\ColiderComponent.cpp ComponentSystem\Components\PhysicsComponent.cpp ComponentSystem\Components\RendererComponent.cpp ComponentSystem\GameObject.cpp DataStructures\Node.cpp Input\KeyInput.cpp LZEngine.cpp Math\ProMath.cpp Math\Vector2D.cpp Math\Vector3D.cpp Profiling\Profile.cpp Profiling\Profiler.cpp Rendering\Geometry.cpp Rendering\Renderable.cpp Rendering\Renderer.cpp Timing\FrameTimer.cpp Timing\GameTime.cpp Timing\SplitTimer.cpp
         SplitTimer.cpp
         GameTime.cpp
         FrameTimer.cpp
         Renderer.cpp
     1>c:\dev (no sync)\visual studio\lzengine2010\lzengine2010\rendering\renderer.h(2): fatal error C1083: Cannot open include file: 'Rendering/Renderable.h': No such file or directory
         Renderable.cpp
     1>c:\dev (no sync)\visual studio\lzengine2010\lzengine2010\rendering\renderable.h(2): fatal error C1083: Cannot open include file: 'Math/Matrix2DH.h': No such file or directory
         Geometry.cpp
     1>c:\dev (no sync)\visual studio\lzengine2010\lzengine2010\rendering\renderable.h(2): fatal error C1083: Cannot open include file: 'Math/Matrix2DH.h': No such file or directory
         Profiler.cpp
     1>c:\dev (no sync)\visual studio\lzengine2010\lzengine2010\profiling\profiler.h(2): fatal error C1083: Cannot open include file: 'DataStructures/LZLinkedList.h': No such file or directory
         Profile.cpp
         Vector3D.cpp
         Vector2D.cpp
         ProMath.cpp
     1>c:\dev (no sync)\visual studio\lzengine2010\lzengine2010\math\promath.h(2): fatal error C1083: Cannot open include file: 'Math/Vector3D.h': No such file or directory
         LZEngine.cpp
         KeyInput.cpp
     1>c:\dev (no sync)\visual studio\lzengine2010\lzengine2010\input\keyinput.cpp(2): fatal error C1083: Cannot open include file: 'Input/IKeyMapper.h': No such file or directory
         Node.cpp
         GameObject.cpp
     1>c:\dev (no sync)\visual studio\lzengine2010\lzengine2010\componentsystem\gameobject.h(2): fatal error C1083: Cannot open include file: 'Math/Vector3D.h': No such file or directory
         RendererComponent.cpp
     1>c:\dev (no sync)\visual studio\lzengine2010\lzengine2010\componentsystem\components\renderercomponent.h(2): fatal error C1083: Cannot open include file: 'ComponentSystem/Component.h': No such file or directory
         PhysicsComponent.cpp
     1>c:\dev (no sync)\visual studio\lzengine2010\lzengine2010\componentsystem\components\physicscomponent.h(2): fatal error C1083: Cannot open include file: 'ComponentSystem/Component.h': No such file or directory
         ColiderComponent.cpp
     1>c:\dev (no sync)\visual studio\lzengine2010\lzengine2010\componentsystem\components\colidercomponent.h(2): fatal error C1083: Cannot open include file: 'ComponentSystem/Component.h': No such file or directory
         Component.cpp
     1>c:\dev (no sync)\visual studio\lzengine2010\lzengine2010\componentsystem\component.cpp(1): fatal error C1083: Cannot open include file: 'ComponentSystem/Component.h': No such file or directory
         Generating Code...
     1>Done Building Project "C:\Dev (No Sync)\Visual Studio\LZEngine2010\LZEngine2010\LZEngine2010.vcxproj" (build target(s)) -- FAILED.

Build FAILED.

Time Elapsed 00:00:01.98
