C:\Temp\LZEngine\Build\LZEngine.dll
C:\Temp\LZEngine\Build\LZEngine.ilk
C:\Temp\LZEngine\Build\LZEngine.pdb
C:\Temp\LZEngine\LZEngine\Debug\tmp\ColiderComponent.obj
C:\Temp\LZEngine\LZEngine\Debug\tmp\Component.obj
C:\Temp\LZEngine\LZEngine\Debug\tmp\FrameTimer.obj
C:\Temp\LZEngine\LZEngine\Debug\tmp\GameObject.obj
C:\Temp\LZEngine\LZEngine\Debug\tmp\GameTime.obj
C:\Temp\LZEngine\LZEngine\Debug\tmp\Geometry.obj
C:\Temp\LZEngine\LZEngine\Debug\tmp\KeyInput.obj
C:\Temp\LZEngine\LZEngine\Debug\tmp\LZEngine.obj
C:\Temp\LZEngine\LZEngine\Debug\tmp\Node.obj
C:\Temp\LZEngine\LZEngine\Debug\tmp\PhysicsComponent.obj
C:\Temp\LZEngine\LZEngine\Debug\tmp\Profile.obj
C:\Temp\LZEngine\LZEngine\Debug\tmp\Profiler.obj
C:\Temp\LZEngine\LZEngine\Debug\tmp\ProMath.obj
C:\Temp\LZEngine\LZEngine\Debug\tmp\Renderable.obj
C:\Temp\LZEngine\LZEngine\Debug\tmp\Renderer.obj
C:\Temp\LZEngine\LZEngine\Debug\tmp\RendererComponent.obj
C:\Temp\LZEngine\LZEngine\Debug\tmp\SplitTimer.obj
C:\Temp\LZEngine\LZEngine\Debug\tmp\vc141.idb
C:\Temp\LZEngine\LZEngine\Debug\tmp\vc141.pdb
C:\Temp\LZEngine\LZEngine\Debug\tmp\Vector2D.obj
