C:\DEV (NO SYNC)\VISUAL STUDIO\LZENGINE\BUILD\DEBUG\DEMOGAME.EXE
C:\Dev (No Sync)\Visual Studio\LZEngine\Build\Debug\DemoGame.exp
C:\DEV (NO SYNC)\VISUAL STUDIO\LZENGINE\BUILD\DEBUG\DEMOGAME.ILK
C:\Dev (No Sync)\Visual Studio\LZEngine\Build\Debug\DemoGame.lib
C:\DEV (NO SYNC)\VISUAL STUDIO\LZENGINE\BUILD\DEBUG\DEMOGAME.PDB
C:\Dev (No Sync)\Visual Studio\LZEngine\DemoGame\Debug\Tmp\cl.command.1.tlog
C:\Dev (No Sync)\Visual Studio\LZEngine\DemoGame\Debug\Tmp\CL.read.1.tlog
C:\Dev (No Sync)\Visual Studio\LZEngine\DemoGame\Debug\Tmp\CL.write.1.tlog
C:\DEV (NO SYNC)\VISUAL STUDIO\LZENGINE\DEMOGAME\DEBUG\TMP\CONTROLLERCOMPONENT.OBJ
C:\DEV (NO SYNC)\VISUAL STUDIO\LZENGINE\DEMOGAME\DEBUG\TMP\DEMOGAME.EXE.INTERMEDIATE.MANIFEST
C:\Dev (No Sync)\Visual Studio\LZEngine\DemoGame\Debug\Tmp\DemoGame.write.1.tlog
C:\Dev (No Sync)\Visual Studio\LZEngine\DemoGame\Debug\Tmp\link.command.1.tlog
C:\Dev (No Sync)\Visual Studio\LZEngine\DemoGame\Debug\Tmp\link.read.1.tlog
C:\Dev (No Sync)\Visual Studio\LZEngine\DemoGame\Debug\Tmp\link.write.1.tlog
C:\Dev (No Sync)\Visual Studio\LZEngine\DemoGame\Debug\Tmp\mt.command.1.tlog
C:\Dev (No Sync)\Visual Studio\LZEngine\DemoGame\Debug\Tmp\mt.read.1.tlog
C:\Dev (No Sync)\Visual Studio\LZEngine\DemoGame\Debug\Tmp\mt.write.1.tlog
C:\DEV (NO SYNC)\VISUAL STUDIO\LZENGINE\DEMOGAME\DEBUG\TMP\MYGAME.OBJ
C:\DEV (NO SYNC)\VISUAL STUDIO\LZENGINE\DEMOGAME\DEBUG\TMP\MYGAME_MOC.OBJ
C:\DEV (NO SYNC)\VISUAL STUDIO\LZENGINE\DEMOGAME\DEBUG\TMP\NEWKEYMAPPER.OBJ
C:\DEV (NO SYNC)\VISUAL STUDIO\LZENGINE\DEMOGAME\DEBUG\TMP\PROGRAM.OBJ
C:\Dev (No Sync)\Visual Studio\LZEngine\DemoGame\Debug\Tmp\vc100.idb
C:\DEV (NO SYNC)\VISUAL STUDIO\LZENGINE\DEMOGAME\DEBUG\TMP\VC100.PDB
